TN:
SF:contracts/AdaptiveCurveIrm.sol
FN:47,AdaptiveCurveIrm.
FNDA:0,AdaptiveCurveIrm.
DA:47,0
BRDA:47,0,0,-
BRDA:47,0,1,-
DA:49,0
FN:53,AdaptiveCurveIrm.borrowRateView
FNDA:0,AdaptiveCurveIrm.borrowRateView
DA:59,0
DA:60,0
DA:61,0
FN:61,AdaptiveCurveIrm.borrowRate
FNDA:13,AdaptiveCurveIrm.borrowRate
DA:68,13
BRDA:68,1,0,-
BRDA:68,1,1,-
DA:70,13
DA:72,13
DA:74,13
DA:76,13
DA:79,0
FN:84,AdaptiveCurveIrm._borrowRate
FNDA:13,AdaptiveCurveIrm._borrowRate
DA:90,13
DA:93,13
DA:98,0
DA:100,0
DA:102,13
DA:104,13
BRDA:104,2,0,13
BRDA:104,2,1,-
DA:107,13
DA:110,13
DA:114,0
DA:118,0
DA:119,0
BRDA:119,3,0,-
BRDA:119,3,1,-
DA:122,0
DA:123,0
DA:138,0
DA:140,0
DA:144,0
DA:152,13
FN:161,AdaptiveCurveIrm._curve
FNDA:13,AdaptiveCurveIrm._curve
DA:165,13
DA:166,13
DA:171,13
FN:177,AdaptiveCurveIrm._newRateAtTarget
FNDA:0,AdaptiveCurveIrm._newRateAtTarget
DA:179,0
DA:180,0
FNF:6
FNH:3
LF:33
LH:15
BRF:8
BRH:1
end_of_record
TN:
SF:contracts/MoreMarkets.sol
FN:73,MoreMarkets.
FNDA:13,MoreMarkets.
DA:74,13
BRDA:74,0,0,-
BRDA:74,0,1,-
DA:76,65
DA:79,65
DA:81,13
FN:87,MoreMarkets.onlyOwner
FNDA:0,MoreMarkets.onlyOwner
DA:88,0
BRDA:88,1,0,-
BRDA:88,1,1,-
FN:92,MoreMarkets.arrayOfMarkets
FNDA:0,MoreMarkets.arrayOfMarkets
DA:93,0
DA:94,0
FN:99,MoreMarkets.setCredora
FNDA:13,MoreMarkets.setCredora
DA:100,13
FN:104,MoreMarkets.setLltvToCategory
FNDA:65,MoreMarkets.setLltvToCategory
DA:109,65
FN:113,MoreMarkets.setCategoryMultipliers
FNDA:13,MoreMarkets.setCategoryMultipliers
DA:117,13
DA:118,65
DA:119,65
DA:122,65
FN:128,MoreMarkets.setOwner
FNDA:0,MoreMarkets.setOwner
DA:129,0
BRDA:129,2,0,-
BRDA:129,2,1,-
DA:131,0
DA:133,0
FN:137,MoreMarkets.enableIrm
FNDA:13,MoreMarkets.enableIrm
DA:138,13
BRDA:138,3,0,-
BRDA:138,3,1,-
DA:140,13
DA:142,13
FN:146,MoreMarkets.enableLltv
FNDA:39,MoreMarkets.enableLltv
DA:147,39
BRDA:147,4,0,-
BRDA:147,4,1,-
DA:148,39
BRDA:148,5,0,-
BRDA:148,5,1,-
DA:150,39
DA:152,39
FN:156,MoreMarkets.setFee
FNDA:0,MoreMarkets.setFee
DA:160,0
DA:161,0
BRDA:161,6,0,-
BRDA:161,6,1,-
DA:162,0
BRDA:162,7,0,-
BRDA:162,7,1,-
DA:163,0
BRDA:163,8,0,-
BRDA:163,8,1,-
DA:166,0
DA:169,0
DA:171,0
FN:175,MoreMarkets.setFeeRecipient
FNDA:0,MoreMarkets.setFeeRecipient
DA:176,0
BRDA:176,9,0,-
BRDA:176,9,1,-
DA:178,0
DA:180,0
FN:186,MoreMarkets.createMarket
FNDA:13,MoreMarkets.createMarket
DA:187,13
DA:188,13
BRDA:188,10,0,-
BRDA:188,10,1,-
DA:189,13
BRDA:189,11,0,-
BRDA:189,11,1,-
DA:190,13
BRDA:190,12,0,-
BRDA:190,12,1,-
DA:191,13
DA:194,13
DA:195,13
DA:197,13
DA:200,13
BRDA:200,13,0,13
BRDA:200,13,1,-
DA:201,13
FN:207,MoreMarkets.supply
FNDA:13,MoreMarkets.supply
DA:214,13
DA:215,13
BRDA:215,14,0,-
BRDA:215,14,1,-
DA:216,13
BRDA:216,15,0,-
BRDA:216,15,1,-
DA:220,13
BRDA:220,16,0,-
BRDA:220,16,1,-
DA:222,13
DA:224,13
BRDA:224,17,0,13
BRDA:224,17,1,-
DA:225,13
DA:230,0
DA:235,13
DA:236,13
DA:237,13
DA:239,13
DA:241,13
BRDA:241,18,0,-
BRDA:241,18,1,-
DA:242,0
DA:244,13
DA:250,13
FN:254,MoreMarkets.withdraw
FNDA:0,MoreMarkets.withdraw
DA:261,0
DA:262,0
BRDA:262,19,0,-
BRDA:262,19,1,-
DA:263,0
BRDA:263,20,0,-
BRDA:263,20,1,-
DA:267,0
BRDA:267,21,0,-
BRDA:267,21,1,-
DA:269,0
BRDA:269,22,0,-
BRDA:269,22,1,-
DA:271,0
DA:273,0
BRDA:273,23,0,-
BRDA:273,23,1,-
DA:274,0
DA:279,0
DA:284,0
DA:285,0
DA:286,0
DA:288,0
BRDA:288,24,0,-
BRDA:288,24,1,-
DA:293,0
DA:302,0
DA:304,0
FN:310,MoreMarkets.borrow
FNDA:84,MoreMarkets.borrow
DA:317,84
DA:318,84
BRDA:318,25,0,-
BRDA:318,25,1,-
DA:319,84
BRDA:319,26,0,-
BRDA:319,26,1,-
DA:323,84
BRDA:323,27,0,-
BRDA:323,27,1,-
DA:325,84
BRDA:325,28,0,-
BRDA:325,28,1,-
DA:327,84
DA:329,84
DA:338,84
BRDA:338,29,0,-
BRDA:338,29,1,-
DA:343,84
BRDA:343,30,0,-
BRDA:343,30,1,-
DA:348,84
DA:357,84
DA:359,82
FN:363,MoreMarkets.repay
FNDA:66,MoreMarkets.repay
DA:370,66
DA:371,66
BRDA:371,31,0,-
BRDA:371,31,1,-
DA:372,66
BRDA:372,32,0,-
BRDA:372,32,1,-
DA:376,66
BRDA:376,33,0,-
BRDA:376,33,1,-
DA:378,66
DA:380,66
DA:390,66
DA:392,66
BRDA:392,34,0,-
BRDA:392,34,1,-
DA:393,0
DA:395,66
DA:401,66
FN:407,MoreMarkets.supplyCollateral
FNDA:12,MoreMarkets.supplyCollateral
DA:413,12
DA:414,12
BRDA:414,35,0,-
BRDA:414,35,1,-
DA:415,12
BRDA:415,36,0,-
BRDA:415,36,1,-
DA:416,12
BRDA:416,37,0,-
BRDA:416,37,1,-
DA:420,12
DA:422,12
DA:424,12
BRDA:424,38,0,-
BRDA:424,38,1,-
DA:425,0
DA:428,12
FN:436,MoreMarkets.withdrawCollateral
FNDA:0,MoreMarkets.withdrawCollateral
DA:442,0
DA:443,0
BRDA:443,39,0,-
BRDA:443,39,1,-
DA:444,0
BRDA:444,40,0,-
BRDA:444,40,1,-
DA:445,0
BRDA:445,41,0,-
BRDA:445,41,1,-
DA:447,0
BRDA:447,42,0,-
BRDA:447,42,1,-
DA:449,0
DA:451,0
DA:453,0
BRDA:453,43,0,-
BRDA:453,43,1,-
DA:458,0
DA:466,0
FN:469,MoreMarkets.updateBorrower
FNDA:0,MoreMarkets.updateBorrower
DA:473,0
DA:474,0
BRDA:474,44,0,-
BRDA:474,44,1,-
DA:475,0
DA:478,0
BRDA:477,45,0,-
BRDA:477,45,1,-
DA:480,0
FN:484,MoreMarkets._updatePosition
FNDA:150,MoreMarkets._updatePosition
DA:492,150
DA:493,150
BRDA:493,46,0,150
BRDA:493,46,1,-
DA:494,0
DA:499,150
DA:507,150
BRDA:507,47,0,150
BRDA:507,47,1,150
DA:508,150
DA:513,150
DA:514,150
DA:516,150
DA:520,150
BRDA:520,48,0,150
BRDA:520,48,1,-
DA:521,150
DA:531,150
DA:532,0
BRDA:532,49,0,-
BRDA:532,49,1,-
DA:533,0
DA:534,0
DA:536,0
DA:538,0
BRDA:538,50,0,-
BRDA:538,50,1,-
DA:539,0
DA:540,0
DA:542,0
DA:546,150
BRDA:546,51,0,84
BRDA:546,51,1,66
DA:547,84
DA:548,66
BRDA:548,52,0,66
BRDA:548,52,1,66
DA:549,66
FN:554,MoreMarkets._getMultiplier
FNDA:150,MoreMarkets._getMultiplier
DA:561,150
DA:563,150
DA:564,150
DA:569,150
DA:573,150
DA:578,150
DA:582,150
BRDA:582,53,0,140
BRDA:582,53,1,10
DA:584,140
DA:585,140
DA:586,140
BRDA:586,54,0,140
BRDA:586,54,1,-
DA:587,140
DA:588,140
DA:589,0
DA:591,140
DA:594,140
DA:595,140
DA:599,140
DA:600,140
DA:601,1216
BRDA:601,55,0,1078
BRDA:601,55,1,138
DA:602,138
DA:606,138
DA:608,1078
DA:610,1078
FN:615,MoreMarkets._updateCategory
FNDA:150,MoreMarkets._updateCategory
DA:626,150
DA:629,150
DA:634,150
DA:635,150
BRDA:635,56,0,84
BRDA:635,56,1,66
DA:636,66
BRDA:636,57,0,66
BRDA:636,57,1,66
DA:638,150
DA:644,150
DA:646,150
DA:647,150
DA:650,150
FN:656,MoreMarkets.liquidate
FNDA:0,MoreMarkets.liquidate
DA:663,0
DA:664,0
BRDA:664,58,0,-
BRDA:664,58,1,-
DA:665,0
BRDA:665,59,0,-
BRDA:665,59,1,-
DA:670,0
DA:672,0
DA:676,0
BRDA:676,60,0,-
BRDA:676,60,1,-
DA:687,0
DA:694,0
BRDA:694,61,0,-
BRDA:694,61,1,-
DA:695,0
DA:700,0
DA:707,0
DA:719,0
DA:724,0
DA:725,0
DA:727,0
DA:734,0
DA:736,0
DA:737,0
DA:738,0
BRDA:738,62,0,-
BRDA:738,62,1,-
DA:739,0
DA:740,0
DA:749,0
DA:750,0
DA:752,0
DA:754,0
DA:757,0
DA:761,0
DA:772,0
DA:777,0
BRDA:777,63,0,-
BRDA:777,63,1,-
DA:778,0
DA:783,0
DA:789,0
FN:795,MoreMarkets.flashLoan
FNDA:0,MoreMarkets.flashLoan
DA:800,0
BRDA:800,64,0,-
BRDA:800,64,1,-
DA:802,0
DA:804,0
DA:806,0
DA:808,0
FN:814,MoreMarkets.setAuthorization
FNDA:0,MoreMarkets.setAuthorization
DA:818,0
BRDA:818,65,0,-
BRDA:818,65,1,-
DA:823,0
DA:825,0
FN:834,MoreMarkets.setAuthorizationWithSig
FNDA:0,MoreMarkets.setAuthorizationWithSig
DA:839,0
BRDA:839,66,0,-
BRDA:839,66,1,-
DA:843,0
BRDA:843,67,0,-
BRDA:843,67,1,-
DA:848,0
DA:851,0
DA:854,0
DA:861,0
BRDA:861,68,0,-
BRDA:861,68,1,-
DA:866,0
DA:872,0
DA:876,0
FN:885,MoreMarkets._isSenderAuthorized
FNDA:84,MoreMarkets._isSenderAuthorized
DA:888,84
FN:894,MoreMarkets.accrueInterest
FNDA:0,MoreMarkets.accrueInterest
DA:895,0
DA:896,0
BRDA:896,69,0,-
BRDA:896,69,1,-
DA:898,0
FN:903,MoreMarkets._accrueInterest
FNDA:163,MoreMarkets._accrueInterest
DA:904,163
DA:905,163
BRDA:905,70,0,-
BRDA:905,70,1,163
DA:907,0
BRDA:907,71,0,-
BRDA:907,71,1,-
DA:908,0
DA:913,0
DA:914,0
DA:915,0
DA:917,0
BRDA:917,72,0,-
BRDA:917,72,1,-
DA:918,0
DA:919,0
DA:926,0
DA:928,0
DA:933,0
DA:937,0
DA:938,0
DA:940,0
DA:941,0
BRDA:941,73,0,-
BRDA:941,73,1,-
DA:942,0
DA:945,0
DA:949,0
DA:950,0
DA:953,0
DA:957,0
FN:964,MoreMarkets._isHealthy
FNDA:84,MoreMarkets._isHealthy
DA:969,84
BRDA:969,74,0,84
BRDA:969,74,1,-
DA:971,84
DA:973,84
FN:980,MoreMarkets._isHealthy
FNDA:84,MoreMarkets._isHealthy
DA:986,84
DA:987,84
DA:991,84
DA:992,84
DA:993,84
BRDA:993,75,0,84
BRDA:993,75,1,-
DA:994,84
DA:996,84
DA:997,84
DA:999,0
DA:1002,84
DA:1008,84
DA:1012,84
FN:1015,MoreMarkets._isDefaultLltvExceeded
FNDA:0,MoreMarkets._isDefaultLltvExceeded
DA:1023,0
DA:1025,0
DA:1027,0
DA:1033,0
DA:1037,0
DA:1041,0
BRDA:1041,76,0,-
BRDA:1041,76,1,-
FN:1047,MoreMarkets.extSloads
FNDA:0,MoreMarkets.extSloads
DA:1050,0
DA:1052,0
DA:1054,0
DA:1055,0
DA:1058,0
FNF:33
FNH:18
LF:281
LH:135
BRF:154
BRH:22
end_of_record
TN:
SF:contracts/MoreVaults.sol
FN:111,MoreVaults.
FNDA:0,MoreVaults.
DA:124,0
BRDA:124,0,0,-
BRDA:124,0,1,-
DA:126,0
DA:127,0
DA:132,0
DA:134,0
FN:140,MoreVaults.onlyCuratorRole
FNDA:0,MoreVaults.onlyCuratorRole
DA:141,0
DA:142,0
BRDA:142,1,0,-
BRDA:142,1,1,-
DA:143,0
FN:149,MoreVaults.onlyAllocatorRole
FNDA:0,MoreVaults.onlyAllocatorRole
DA:150,0
DA:151,0
BRDA:151,2,0,-
BRDA:151,2,1,-
DA:152,0
FN:159,MoreVaults.onlyGuardianRole
FNDA:0,MoreVaults.onlyGuardianRole
DA:160,0
BRDA:160,3,0,-
BRDA:160,3,1,-
DA:161,0
FN:167,MoreVaults.onlyCuratorOrGuardianRole
FNDA:0,MoreVaults.onlyCuratorOrGuardianRole
DA:169,0
DA:170,0
DA:171,0
BRDA:168,4,0,-
BRDA:168,4,1,-
DA:173,0
FN:183,MoreVaults.afterTimelock
FNDA:0,MoreVaults.afterTimelock
DA:184,0
BRDA:184,5,0,-
BRDA:184,5,1,-
DA:185,0
BRDA:185,6,0,-
BRDA:185,6,1,-
FN:193,MoreVaults.setCurator
FNDA:0,MoreVaults.setCurator
DA:194,0
BRDA:194,7,0,-
BRDA:194,7,1,-
DA:196,0
DA:198,0
FN:202,MoreVaults.setIsAllocator
FNDA:0,MoreVaults.setIsAllocator
DA:206,0
BRDA:206,8,0,-
BRDA:206,8,1,-
DA:207,0
DA:209,0
DA:211,0
FN:215,MoreVaults.setSkimRecipient
FNDA:0,MoreVaults.setSkimRecipient
DA:216,0
BRDA:216,9,0,-
BRDA:216,9,1,-
DA:218,0
DA:220,0
FN:224,MoreVaults.submitTimelock
FNDA:0,MoreVaults.submitTimelock
DA:225,0
BRDA:225,10,0,-
BRDA:225,10,1,-
DA:226,0
BRDA:226,11,0,-
BRDA:226,11,1,-
DA:227,0
DA:229,0
BRDA:229,12,0,-
BRDA:229,12,1,-
DA:230,0
DA:233,0
DA:235,0
FN:240,MoreVaults.setFee
FNDA:0,MoreVaults.setFee
DA:241,0
BRDA:241,13,0,-
BRDA:241,13,1,-
DA:242,0
BRDA:242,14,0,-
BRDA:242,14,1,-
DA:243,0
BRDA:243,15,0,-
BRDA:243,15,1,-
DA:244,0
DA:247,0
DA:250,0
DA:252,0
FN:256,MoreVaults.setFeeRecipient
FNDA:0,MoreVaults.setFeeRecipient
DA:257,0
BRDA:257,16,0,-
BRDA:257,16,1,-
DA:258,0
BRDA:258,17,0,-
BRDA:258,17,1,-
DA:259,0
DA:262,0
DA:264,0
DA:266,0
FN:270,MoreVaults.submitGuardian
FNDA:0,MoreVaults.submitGuardian
DA:271,0
BRDA:271,18,0,-
BRDA:271,18,1,-
DA:272,0
BRDA:272,19,0,-
BRDA:272,19,1,-
DA:274,0
BRDA:274,20,0,-
BRDA:274,20,1,-
DA:275,0
DA:277,0
DA:279,0
FN:286,MoreVaults.submitCap
FNDA:0,MoreVaults.submitCap
DA:290,0
DA:291,0
BRDA:291,21,0,-
BRDA:291,21,1,-
DA:292,0
DA:293,0
BRDA:293,22,0,-
BRDA:293,22,1,-
DA:294,0
BRDA:294,23,0,-
BRDA:294,23,1,-
DA:295,0
BRDA:295,24,0,-
BRDA:295,24,1,-
DA:296,0
DA:297,0
BRDA:297,25,0,-
BRDA:297,25,1,-
DA:299,0
BRDA:299,26,0,-
BRDA:299,26,1,-
DA:300,0
DA:302,0
DA:304,0
FN:309,MoreVaults.submitMarketRemoval
FNDA:0,MoreVaults.submitMarketRemoval
DA:312,0
DA:313,0
BRDA:313,27,0,-
BRDA:313,27,1,-
DA:314,0
BRDA:314,28,0,-
BRDA:314,28,1,-
DA:315,0
BRDA:315,29,0,-
BRDA:315,29,1,-
DA:316,0
BRDA:316,30,0,-
BRDA:316,30,1,-
DA:319,0
DA:321,0
FN:327,MoreVaults.setSupplyQueue
FNDA:0,MoreVaults.setSupplyQueue
DA:330,0
DA:332,0
BRDA:332,31,0,-
BRDA:332,31,1,-
DA:333,0
DA:335,0
DA:336,0
BRDA:336,32,0,-
BRDA:336,32,1,-
DA:337,0
DA:340,0
DA:342,0
FN:346,MoreVaults.updateWithdrawQueue
FNDA:0,MoreVaults.updateWithdrawQueue
DA:349,0
DA:350,0
DA:352,0
DA:353,0
DA:355,0
DA:356,0
DA:359,0
DA:360,0
BRDA:360,33,0,-
BRDA:360,33,1,-
DA:361,0
DA:363,0
DA:366,0
DA:367,0
BRDA:367,34,0,-
BRDA:367,34,1,-
DA:368,0
DA:370,0
BRDA:370,35,0,-
BRDA:370,35,1,-
DA:371,0
DA:372,0
BRDA:372,36,0,-
BRDA:372,36,1,-
DA:373,0
DA:375,0
BRDA:375,37,0,-
BRDA:375,37,1,-
DA:376,0
BRDA:376,38,0,-
BRDA:376,38,1,-
DA:377,0
DA:379,0
BRDA:379,39,0,-
BRDA:379,39,1,-
DA:380,0
DA:386,0
DA:390,0
DA:392,0
FN:396,MoreVaults.reallocate
FNDA:0,MoreVaults.reallocate
DA:399,0
DA:400,0
DA:401,0
DA:402,0
DA:403,0
DA:405,0
DA:409,0
DA:410,0
DA:412,0
BRDA:412,40,0,-
BRDA:412,40,1,-
DA:413,0
BRDA:413,41,0,-
BRDA:413,41,1,-
DA:416,0
DA:417,0
BRDA:417,42,0,-
BRDA:417,42,1,-
DA:418,0
DA:419,0
DA:422,0
DA:431,0
DA:438,0
DA:440,0
DA:444,0
BRDA:444,43,0,-
BRDA:444,43,1,-
DA:446,0
DA:447,0
BRDA:447,44,0,-
BRDA:447,44,1,-
DA:449,0
BRDA:449,45,0,-
BRDA:449,45,1,-
DA:450,0
DA:453,0
DA:461,0
DA:468,0
DA:472,0
BRDA:472,46,0,-
BRDA:472,46,1,-
DA:473,0
FN:479,MoreVaults.revokePendingTimelock
FNDA:0,MoreVaults.revokePendingTimelock
DA:480,0
DA:482,0
FN:486,MoreVaults.revokePendingGuardian
FNDA:0,MoreVaults.revokePendingGuardian
DA:487,0
DA:489,0
FN:493,MoreVaults.revokePendingCap
FNDA:0,MoreVaults.revokePendingCap
DA:494,0
DA:496,0
FN:500,MoreVaults.revokePendingMarketRemoval
FNDA:0,MoreVaults.revokePendingMarketRemoval
DA:503,0
DA:505,0
FN:511,MoreVaults.supplyQueueLength
FNDA:0,MoreVaults.supplyQueueLength
DA:512,0
FN:516,MoreVaults.withdrawQueueLength
FNDA:0,MoreVaults.withdrawQueueLength
DA:517,0
FN:521,MoreVaults.acceptTimelock
FNDA:0,MoreVaults.acceptTimelock
DA:522,0
FN:526,MoreVaults.acceptGuardian
FNDA:0,MoreVaults.acceptGuardian
DA:527,0
FN:531,MoreVaults.acceptCap
FNDA:0,MoreVaults.acceptCap
DA:534,0
DA:537,0
FN:541,MoreVaults.skim
FNDA:0,MoreVaults.skim
DA:542,0
BRDA:542,47,0,-
BRDA:542,47,1,-
DA:544,0
DA:546,0
DA:548,0
FN:554,MoreVaults.decimals
FNDA:0,MoreVaults.decimals
DA:555,0
FN:560,MoreVaults.maxDeposit
FNDA:0,MoreVaults.maxDeposit
DA:561,0
FN:566,MoreVaults.maxMint
FNDA:0,MoreVaults.maxMint
DA:567,0
DA:569,0
FN:575,MoreVaults.maxWithdraw
FNDA:0,MoreVaults.maxWithdraw
DA:578,0
FN:584,MoreVaults.maxRedeem
FNDA:0,MoreVaults.maxRedeem
DA:585,0
DA:589,0
DA:591,0
DA:592,0
FN:601,MoreVaults.deposit
FNDA:0,MoreVaults.deposit
DA:605,0
DA:609,0
DA:611,0
DA:618,0
FN:622,MoreVaults.mint
FNDA:0,MoreVaults.mint
DA:626,0
DA:630,0
DA:632,0
DA:639,0
FN:643,MoreVaults.withdraw
FNDA:0,MoreVaults.withdraw
DA:648,0
DA:652,0
DA:660,0
DA:662,0
FN:666,MoreVaults.redeem
FNDA:0,MoreVaults.redeem
DA:671,0
DA:675,0
DA:683,0
DA:685,0
FN:689,MoreVaults.totalAssets
FNDA:0,MoreVaults.totalAssets
DA:690,0
DA:691,0
FN:701,MoreVaults._decimalsOffset
FNDA:0,MoreVaults._decimalsOffset
DA:702,0
FN:707,MoreVaults._maxWithdraw
FNDA:0,MoreVaults._maxWithdraw
DA:714,0
DA:715,0
DA:716,0
DA:718,0
DA:724,0
FN:728,MoreVaults._maxDeposit
FNDA:0,MoreVaults._maxDeposit
DA:729,0
DA:730,0
DA:732,0
DA:733,0
BRDA:733,48,0,-
BRDA:733,48,1,-
DA:735,0
DA:736,0
DA:739,0
DA:744,0
FN:750,MoreVaults._convertToShares
FNDA:0,MoreVaults._convertToShares
DA:754,0
DA:756,0
DA:757,0
FN:767,MoreVaults._convertToAssets
FNDA:0,MoreVaults._convertToAssets
DA:771,0
DA:773,0
DA:774,0
FN:784,MoreVaults._convertToSharesWithTotals
FNDA:0,MoreVaults._convertToSharesWithTotals
DA:790,0
DA:791,0
FN:800,MoreVaults._convertToAssetsWithTotals
FNDA:0,MoreVaults._convertToAssetsWithTotals
DA:806,0
DA:807,0
FN:816,MoreVaults._deposit
FNDA:0,MoreVaults._deposit
DA:822,0
DA:824,0
DA:827,0
FN:836,MoreVaults._withdraw
FNDA:0,MoreVaults._withdraw
DA:843,0
DA:845,0
FN:851,MoreVaults._marketParams
FNDA:0,MoreVaults._marketParams
DA:852,0
FN:858,MoreVaults._accruedSupplyBalance
FNDA:0,MoreVaults._accruedSupplyBalance
DA:862,0
DA:864,0
DA:865,0
DA:866,0
FN:873,MoreVaults._checkTimelockBounds
FNDA:0,MoreVaults._checkTimelockBounds
DA:874,0
BRDA:874,49,0,-
BRDA:874,49,1,-
DA:875,0
DA:876,0
BRDA:876,50,0,-
BRDA:876,50,1,-
DA:877,0
FN:881,MoreVaults._setTimelock
FNDA:0,MoreVaults._setTimelock
DA:882,0
DA:884,0
DA:886,0
FN:890,MoreVaults._setGuardian
FNDA:0,MoreVaults._setGuardian
DA:891,0
DA:893,0
DA:895,0
FN:900,MoreVaults._setCap
FNDA:0,MoreVaults._setCap
DA:905,0
DA:907,0
BRDA:907,51,0,-
BRDA:907,51,1,-
DA:908,0
BRDA:908,52,0,-
BRDA:908,52,1,-
DA:909,0
DA:911,0
BRDA:911,53,0,-
BRDA:911,53,1,-
DA:912,0
DA:914,0
DA:917,0
DA:922,0
DA:925,0
DA:928,0
DA:930,0
DA:932,0
FN:938,MoreVaults._supplyMorpho
FNDA:0,MoreVaults._supplyMorpho
DA:939,0
DA:940,0
DA:942,0
DA:943,0
BRDA:943,54,0,-
BRDA:943,54,1,-
DA:945,0
DA:947,0
DA:949,0
DA:950,0
DA:952,0
DA:957,0
DA:962,0
BRDA:962,55,0,-
BRDA:962,55,1,-
DA:965,0
DA:972,0
DA:973,0
DA:974,0
DA:977,0
BRDA:977,56,0,-
BRDA:977,56,1,-
DA:980,0
BRDA:980,57,0,-
BRDA:980,57,1,-
FN:984,MoreVaults._withdrawMorpho
FNDA:0,MoreVaults._withdrawMorpho
DA:985,0
DA:986,0
DA:987,0
DA:988,0
DA:992,0
DA:994,0
DA:1004,0
BRDA:1004,58,0,-
BRDA:1004,58,1,-
DA:1007,0
DA:1014,0
DA:1015,0
DA:1016,0
DA:1019,0
BRDA:1019,59,0,-
BRDA:1019,59,1,-
DA:1022,0
BRDA:1022,60,0,-
BRDA:1022,60,1,-
FN:1027,MoreVaults._simulateWithdrawMorpho
FNDA:0,MoreVaults._simulateWithdrawMorpho
DA:1030,0
DA:1031,0
DA:1032,0
DA:1034,0
DA:1035,0
DA:1040,0
DA:1046,0
DA:1058,0
BRDA:1058,61,0,-
BRDA:1058,61,1,-
DA:1061,0
FN:1066,MoreVaults._withdrawable
FNDA:0,MoreVaults._withdrawable
DA:1073,0
DA:1078,0
FN:1084,MoreVaults._updateLastTotalAssets
FNDA:0,MoreVaults._updateLastTotalAssets
DA:1085,0
DA:1087,0
FN:1092,MoreVaults._accrueFee
FNDA:0,MoreVaults._accrueFee
DA:1093,0
DA:1094,0
DA:1096,0
BRDA:1096,62,0,-
BRDA:1096,62,1,-
DA:1098,0
FN:1103,MoreVaults._accruedFeeShares
FNDA:0,MoreVaults._accruedFeeShares
DA:1108,0
DA:1110,0
DA:1111,0
BRDA:1111,63,0,-
BRDA:1111,63,1,-
DA:1113,0
DA:1116,0
FNF:60
FNH:0
LF:289
LH:0
BRF:128
BRH:0
end_of_record
TN:
SF:contracts/MoreVaultsFactory.sol
FN:33,MoreVaultsFactory.
FNDA:0,MoreVaultsFactory.
DA:34,0
BRDA:34,0,0,-
BRDA:34,0,1,-
DA:36,0
FN:42,MoreVaultsFactory.createMetaMorpho
FNDA:0,MoreVaultsFactory.createMetaMorpho
DA:50,0
DA:63,0
DA:64,0
DA:66,0
FN:78,MoreVaultsFactory.arrayOfMorphos
FNDA:0,MoreVaultsFactory.arrayOfMorphos
DA:79,0
DA:80,0
FNF:3
FNH:0
LF:8
LH:0
BRF:2
BRH:0
end_of_record
TN:
SF:contracts/libraries/ExpLib.sol
FN:25,ExpLib.wExp
FNDA:0,ExpLib.wExp
DA:28,0
BRDA:28,0,0,-
BRDA:28,0,1,-
DA:29,0
DA:30,0
BRDA:30,1,0,-
BRDA:30,1,1,-
DA:31,0
DA:34,0
DA:35,0
DA:38,0
DA:40,0
DA:44,0
DA:47,0
BRDA:47,2,0,-
BRDA:47,2,1,-
DA:48,0
FNF:1
FNH:0
LF:11
LH:0
BRF:6
BRH:0
end_of_record
TN:
SF:contracts/libraries/MathLib.sol
FN:13,MathLib.wMulToZero
FNDA:26,MathLib.wMulToZero
DA:14,26
DA:15,26
FN:18,MathLib.wDivToZero
FNDA:26,MathLib.wDivToZero
DA:19,26
FNF:2
FNH:2
LF:3
LH:3
BRF:0
BRH:0
end_of_record
TN:
SF:contracts/libraries/PendingLib.sol
FN:34,PendingLib.update
FNDA:0,PendingLib.update
DA:35,0
DA:37,0
FN:42,PendingLib.update
FNDA:0,PendingLib.update
DA:43,0
DA:45,0
FN:34,PendingLib.update
FNDA:0,PendingLib.update
DA:35,0
DA:37,0
FN:42,PendingLib.update
FNDA:0,PendingLib.update
DA:43,0
DA:45,0
FNF:4
FNH:0
LF:8
LH:0
BRF:0
BRH:0
end_of_record
TN:
SF:contracts/libraries/UtilsLib.sol
FN:10,UtilsLib.bound
FNDA:0,UtilsLib.bound
DA:17,0
DA:19,0
FNF:1
FNH:0
LF:2
LH:0
BRF:0
BRH:0
end_of_record
TN:
SF:contracts/mocks/ERC1820Registry.sol
FN:75,ERC1820Registry.getInterfaceImplementer
FNDA:0,ERC1820Registry.getInterfaceImplementer
DA:76,0
DA:77,0
BRDA:77,0,0,-
BRDA:77,0,1,-
DA:78,0
DA:79,0
DA:81,0
FN:92,ERC1820Registry.setInterfaceImplementer
FNDA:0,ERC1820Registry.setInterfaceImplementer
DA:93,0
DA:94,0
BRDA:94,1,0,-
BRDA:94,1,1,-
DA:96,0
BRDA:96,2,0,-
BRDA:96,2,1,-
DA:97,0
BRDA:97,3,0,-
BRDA:97,3,1,-
DA:98,0
BRDA:98,4,0,-
BRDA:98,4,1,-
DA:104,0
DA:105,0
FN:112,ERC1820Registry.setManager
FNDA:0,ERC1820Registry.setManager
DA:113,0
BRDA:113,5,0,-
BRDA:113,5,1,-
DA:114,0
DA:115,0
FN:121,ERC1820Registry.getManager
FNDA:0,ERC1820Registry.getManager
DA:123,0
BRDA:123,6,0,-
BRDA:123,6,1,-
DA:124,0
DA:126,0
FN:133,ERC1820Registry.interfaceHash
FNDA:0,ERC1820Registry.interfaceHash
DA:134,0
FN:143,ERC1820Registry.updateERC165Cache
FNDA:0,ERC1820Registry.updateERC165Cache
DA:144,0
DA:146,0
FN:156,ERC1820Registry.implementsERC165Interface
FNDA:0,ERC1820Registry.implementsERC165Interface
DA:157,0
BRDA:157,7,0,-
BRDA:157,7,1,-
DA:158,0
DA:160,0
FN:167,ERC1820Registry.implementsERC165InterfaceNoCache
FNDA:0,ERC1820Registry.implementsERC165InterfaceNoCache
DA:168,0
DA:169,0
DA:171,0
DA:172,0
BRDA:172,8,0,-
BRDA:172,8,1,-
DA:173,0
DA:176,0
DA:177,0
BRDA:177,9,0,-
BRDA:177,9,1,-
DA:178,0
DA:181,0
DA:182,0
BRDA:182,10,0,-
BRDA:182,10,1,-
DA:183,0
DA:185,0
FN:191,ERC1820Registry.isERC165Interface
FNDA:0,ERC1820Registry.isERC165Interface
DA:192,0
FN:196,ERC1820Registry.noThrowCall
FNDA:0,ERC1820Registry.noThrowCall
DA:201,0
DA:204,0
DA:205,0
DA:206,0
DA:208,0
DA:218,0
FNF:10
FNH:0
LF:43
LH:0
BRF:22
BRH:0
end_of_record
TN:
SF:contracts/mocks/ERC20MintableMock.sol
FN:9,ERC20MintableMock.
FNDA:0,ERC20MintableMock.
DA:11,0
FN:12,ERC20MintableMock.mint
FNDA:26,ERC20MintableMock.mint
DA:15,26
FNF:2
FNH:1
LF:2
LH:1
BRF:0
BRH:0
end_of_record
TN:
SF:contracts/mocks/ERC20Mock.sol
FN:7,ERC20Mock.
FNDA:0,ERC20Mock.
FN:13,ERC20Mock.mint
FNDA:0,ERC20Mock.mint
DA:14,0
FN:18,ERC20Mock.burn
FNDA:0,ERC20Mock.burn
DA:19,0
FN:22,ERC20Mock.setBalance
FNDA:0,ERC20Mock.setBalance
DA:23,0
DA:24,0
FNF:4
FNH:0
LF:4
LH:0
BRF:0
BRH:0
end_of_record
TN:
SF:contracts/mocks/ERC777Mock.sol
FN:65,ERC777.
FNDA:0,ERC777.
DA:71,0
DA:72,0
DA:74,0
DA:75,0
DA:76,0
DA:79,0
DA:82,0
DA:87,0
FN:97,ERC777.name
FNDA:0,ERC777.name
DA:98,0
FN:104,ERC777.symbol
FNDA:0,ERC777.symbol
DA:105,0
FN:114,ERC777.decimals
FNDA:0,ERC777.decimals
DA:115,0
FN:123,ERC777.granularity
FNDA:0,ERC777.granularity
DA:124,0
FN:130,ERC777.totalSupply
FNDA:0,ERC777.totalSupply
DA:137,0
FN:143,ERC777.balanceOf
FNDA:0,ERC777.balanceOf
DA:146,0
FN:154,ERC777.send
FNDA:0,ERC777.send
DA:159,0
FN:170,ERC777.transfer
FNDA:0,ERC777.transfer
DA:174,0
DA:175,0
FN:183,ERC777.burn
FNDA:0,ERC777.burn
DA:184,0
FN:190,ERC777.isOperatorFor
FNDA:0,ERC777.isOperatorFor
DA:194,0
DA:195,0
FN:204,ERC777.authorizeOperator
FNDA:0,ERC777.authorizeOperator
DA:205,0
BRDA:205,0,0,-
BRDA:205,0,1,-
DA:210,0
BRDA:210,1,0,-
BRDA:210,1,1,-
DA:211,0
DA:213,0
DA:216,0
FN:222,ERC777.revokeOperator
FNDA:0,ERC777.revokeOperator
DA:223,0
BRDA:223,2,0,-
BRDA:223,2,1,-
DA:225,0
BRDA:225,3,0,-
BRDA:225,3,1,-
DA:226,0
DA:228,0
DA:231,0
FN:237,ERC777.defaultOperators
FNDA:0,ERC777.defaultOperators
DA:244,0
FN:252,ERC777.operatorSend
FNDA:0,ERC777.operatorSend
DA:259,0
BRDA:259,4,0,-
BRDA:259,4,1,-
DA:263,0
FN:271,ERC777.operatorBurn
FNDA:0,ERC777.operatorBurn
DA:277,0
BRDA:277,5,0,-
BRDA:277,5,1,-
DA:281,0
FN:291,ERC777.allowance
FNDA:0,ERC777.allowance
DA:295,0
FN:306,ERC777.approve
FNDA:0,ERC777.approve
DA:310,0
DA:311,0
DA:312,0
FN:327,ERC777.transferFrom
FNDA:0,ERC777.transferFrom
DA:332,0
DA:333,0
DA:334,0
DA:335,0
FN:356,ERC777._mint
FNDA:0,ERC777._mint
DA:362,0
FN:383,ERC777._mint
FNDA:0,ERC777._mint
DA:390,0
BRDA:390,6,0,-
BRDA:390,6,1,-
DA:392,0
DA:394,0
DA:397,0
DA:398,0
DA:400,0
DA:410,0
DA:411,0
FN:423,ERC777._send
FNDA:0,ERC777._send
DA:431,0
BRDA:431,7,0,-
BRDA:431,7,1,-
DA:432,0
BRDA:432,8,0,-
BRDA:432,8,1,-
DA:434,0
DA:436,0
DA:438,0
DA:440,0
FN:458,ERC777._burn
FNDA:0,ERC777._burn
DA:464,0
BRDA:464,9,0,-
BRDA:464,9,1,-
DA:466,0
DA:468,0
DA:477,0
DA:480,0
DA:481,0
BRDA:481,10,0,-
BRDA:481,10,1,-
DA:483,0
DA:485,0
DA:487,0
DA:488,0
FN:491,ERC777._move
FNDA:0,ERC777._move
DA:499,0
DA:501,0
DA:502,0
BRDA:502,11,0,-
BRDA:502,11,1,-
DA:507,0
DA:509,0
DA:511,0
DA:512,0
FN:520,ERC777._approve
FNDA:0,ERC777._approve
DA:525,0
BRDA:525,12,0,-
BRDA:525,12,1,-
DA:526,0
BRDA:526,13,0,-
BRDA:526,13,1,-
DA:528,0
DA:529,0
FN:541,ERC777._callTokensToSend
FNDA:0,ERC777._callTokensToSend
DA:549,0
DA:553,0
BRDA:553,14,0,-
BRDA:553,14,1,-
DA:554,0
FN:576,ERC777._callTokensReceived
FNDA:0,ERC777._callTokensReceived
DA:585,0
DA:589,0
BRDA:589,15,0,-
BRDA:589,15,1,-
DA:590,0
DA:598,0
BRDA:598,16,0,-
BRDA:598,16,1,-
FN:612,ERC777._spendAllowance
FNDA:0,ERC777._spendAllowance
DA:617,0
DA:618,0
BRDA:618,17,0,-
BRDA:618,17,1,-
DA:619,0
BRDA:619,18,0,-
BRDA:619,18,1,-
DA:624,0
FN:643,ERC777._beforeTokenTransfer
FNDA:0,ERC777._beforeTokenTransfer
FN:652,ERC777Mock.
FNDA:0,ERC777Mock.
FN:658,ERC777Mock.setBalance
FNDA:0,ERC777Mock.setBalance
DA:659,0
DA:660,0
FNF:31
FNH:0
LF:92
LH:0
BRF:38
BRH:0
end_of_record
TN:
SF:contracts/mocks/IrmMock.sol
FN:14,IrmMock.setApr
FNDA:0,IrmMock.setApr
DA:15,0
FN:18,IrmMock.borrowRateView
FNDA:0,IrmMock.borrowRateView
DA:22,0
FN:25,IrmMock.borrowRate
FNDA:0,IrmMock.borrowRate
DA:29,0
FNF:3
FNH:0
LF:3
LH:0
BRF:0
BRH:0
end_of_record
TN:
SF:contracts/mocks/OracleMock.sol
FN:9,OracleMock.setPrice
FNDA:0,OracleMock.setPrice
DA:10,0
FNF:1
FNH:0
LF:1
LH:0
BRF:0
BRH:0
end_of_record
TN:
SF:script/Counter.s.sol
FN:10,CounterScript.setUp
FNDA:0,CounterScript.setUp
FN:12,CounterScript.run
FNDA:0,CounterScript.run
DA:13,0
DA:15,0
DA:17,0
FNF:2
FNH:0
LF:3
LH:0
BRF:0
BRH:0
end_of_record
TN:
SF:src/Counter.sol
FN:7,Counter.setNumber
FNDA:0,Counter.setNumber
DA:8,0
FN:11,Counter.increment
FNDA:0,Counter.increment
DA:12,0
FNF:2
FNH:0
LF:2
LH:0
BRF:0
BRH:0
end_of_record
