TN:
SF:contracts/AdaptiveCurveIrm.sol
FN:47,AdaptiveCurveIrm.
FNDA:24,AdaptiveCurveIrm.
DA:47,24
BRDA:47,0,0,-
BRDA:47,0,1,-
DA:49,24
FN:53,AdaptiveCurveIrm.borrowRateView
FNDA:2,AdaptiveCurveIrm.borrowRateView
DA:59,2
DA:60,2
DA:61,2
FN:61,AdaptiveCurveIrm.borrowRate
FNDA:36,AdaptiveCurveIrm.borrowRate
DA:68,36
BRDA:68,1,0,-
BRDA:68,1,1,-
DA:70,36
DA:72,36
DA:74,36
DA:76,36
DA:79,0
FN:84,AdaptiveCurveIrm._borrowRate
FNDA:38,AdaptiveCurveIrm._borrowRate
DA:90,38
DA:93,38
DA:98,11
DA:100,11
DA:102,38
DA:104,38
BRDA:104,2,0,27
BRDA:104,2,1,11
DA:107,27
DA:110,27
DA:114,11
DA:118,11
DA:119,11
BRDA:119,3,0,-
BRDA:119,3,1,11
DA:122,0
DA:123,0
DA:138,11
DA:140,11
DA:144,11
DA:152,27
FN:161,AdaptiveCurveIrm._curve
FNDA:38,AdaptiveCurveIrm._curve
DA:165,38
DA:166,38
DA:171,38
FN:177,AdaptiveCurveIrm._newRateAtTarget
FNDA:22,AdaptiveCurveIrm._newRateAtTarget
DA:179,22
DA:180,22
FNF:6
FNH:6
LF:33
LH:30
BRF:8
BRH:3
end_of_record
TN:
SF:contracts/MoreMarkets.sol
FN:82,MoreMarkets.
FNDA:24,MoreMarkets.
DA:84,24
BRDA:84,0,0,-
BRDA:84,0,1,-
DA:85,24
DA:89,24
FN:95,MoreMarkets.onlyOwner
FNDA:24,MoreMarkets.onlyOwner
DA:98,24
BRDA:98,1,0,-
BRDA:98,1,1,-
FN:101,MoreMarkets.arrayOfMarkets
FNDA:0,MoreMarkets.arrayOfMarkets
DA:102,0
DA:106,0
FN:107,MoreMarkets.setCredora
FNDA:24,MoreMarkets.setCredora
DA:109,24
FN:137,MoreMarkets.setOwner
FNDA:0,MoreMarkets.setOwner
DA:140,0
BRDA:140,2,0,-
BRDA:140,2,1,-
DA:144,0
DA:145,0
FN:146,MoreMarkets.enableIrm
FNDA:24,MoreMarkets.enableIrm
DA:150,24
BRDA:150,3,0,-
BRDA:150,3,1,-
DA:153,24
DA:154,24
FN:155,MoreMarkets.enableLltv
FNDA:72,MoreMarkets.enableLltv
DA:157,72
BRDA:157,4,0,-
BRDA:157,4,1,-
DA:162,72
BRDA:162,5,0,-
BRDA:162,5,1,-
DA:163,72
DA:164,72
FN:165,MoreMarkets.setFee
FNDA:0,MoreMarkets.setFee
DA:169,0
DA:170,0
DA:172,0
BRDA:172,6,0,-
BRDA:172,6,1,-
DA:174,0
BRDA:174,7,0,-
BRDA:174,7,1,-
DA:177,0
BRDA:177,8,0,-
BRDA:177,8,1,-
DA:179,0
DA:180,0
DA:182,0
FN:183,MoreMarkets.setFeeRecipient
FNDA:0,MoreMarkets.setFeeRecipient
DA:186,0
BRDA:186,9,0,-
BRDA:186,9,1,-
DA:191,0
DA:192,0
FN:193,MoreMarkets.createMarket
FNDA:28,MoreMarkets.createMarket
DA:197,28
BRDA:197,10,0,-
BRDA:197,10,1,-
DA:202,28
BRDA:202,11,0,-
BRDA:202,11,1,-
DA:203,28
BRDA:203,12,0,-
BRDA:203,12,1,-
DA:205,27
BRDA:205,13,0,-
BRDA:205,13,1,-
DA:206,27
BRDA:206,14,0,-
BRDA:206,14,1,-
DA:209,27
DA:211,27
BRDA:211,15,0,27
DA:212,27
DA:213,135
DA:218,135
DA:219,135
DA:220,135
DA:221,1818
DA:222,1683
DA:224,1683
DA:225,135
DA:227,27
DA:233,27
DA:234,27
DA:238,27
DA:239,27
DA:241,27
DA:243,27
DA:248,27
DA:249,27
DA:251,27
DA:252,27
BRDA:252,16,0,27
FN:258,MoreMarkets.supply
FNDA:27,MoreMarkets.supply
DA:265,27
DA:267,27
BRDA:267,17,0,-
BRDA:267,17,1,-
DA:269,27
BRDA:269,18,0,-
BRDA:269,18,1,-
DA:274,27
BRDA:274,19,0,-
BRDA:274,19,1,-
DA:275,27
DA:276,27
DA:277,27
BRDA:277,20,0,27
BRDA:276,20,1,-
DA:281,0
DA:287,27
DA:289,27
DA:291,27
DA:294,27
DA:297,27
DA:299,27
BRDA:299,21,0,-
DA:302,27
DA:306,27
FN:308,MoreMarkets.withdraw
FNDA:3,MoreMarkets.withdraw
DA:314,3
DA:317,3
BRDA:317,22,0,-
BRDA:317,22,1,-
DA:321,3
BRDA:321,23,0,-
BRDA:321,23,1,-
DA:325,3
BRDA:325,24,0,-
BRDA:325,24,1,-
DA:329,3
BRDA:329,25,0,-
BRDA:329,25,1,-
DA:331,3
DA:332,3
DA:334,0
BRDA:334,26,0,-
BRDA:332,26,1,3
DA:336,3
DA:340,3
DA:343,3
DA:344,3
DA:347,3
DA:352,3
BRDA:352,27,0,-
BRDA:352,27,1,-
DA:354,3
DA:358,3
DA:362,3
FN:362,MoreMarkets.claimDebtTokens
FNDA:5,MoreMarkets.claimDebtTokens
DA:368,5
DA:369,5
BRDA:369,28,0,-
BRDA:369,28,1,-
DA:373,5
BRDA:373,29,0,-
BRDA:373,29,1,-
DA:381,5
BRDA:381,30,0,-
BRDA:381,30,1,-
DA:383,5
DA:386,5
DA:389,5
BRDA:389,31,0,1
DA:391,4
DA:393,4
FN:398,MoreMarkets.borrow
FNDA:160,MoreMarkets.borrow
DA:403,160
DA:405,160
BRDA:405,32,0,-
BRDA:405,32,1,-
DA:407,160
BRDA:407,33,0,-
BRDA:407,33,1,-
DA:414,160
BRDA:414,34,0,-
BRDA:414,34,1,-
DA:419,160
BRDA:419,35,0,-
BRDA:419,35,1,-
DA:421,160
DA:426,160
BRDA:426,36,0,-
BRDA:426,36,1,-
DA:428,158
BRDA:428,37,0,-
BRDA:428,37,1,-
DA:432,158
DA:441,158
DA:443,158
FN:447,MoreMarkets.repay
FNDA:72,MoreMarkets.repay
DA:454,72
DA:455,72
BRDA:455,38,0,-
BRDA:455,38,1,-
DA:460,72
BRDA:460,39,0,-
BRDA:460,39,1,-
DA:465,72
BRDA:465,40,0,-
BRDA:465,40,1,-
DA:467,72
DA:469,72
DA:475,72
DA:477,72
DA:478,0
BRDA:478,41,0,-
DA:479,72
DA:486,72
FN:492,MoreMarkets.supplyCollateral
FNDA:88,MoreMarkets.supplyCollateral
DA:496,88
BRDA:496,42,0,-
BRDA:496,42,1,-
DA:498,88
BRDA:498,43,0,-
BRDA:498,43,1,-
DA:500,88
BRDA:500,44,0,-
BRDA:500,44,1,-
DA:509,88
DA:511,88
DA:513,88
DA:514,0
BRDA:514,45,0,-
DA:517,88
FN:521,MoreMarkets.withdrawCollateral
FNDA:0,MoreMarkets.withdrawCollateral
DA:525,0
DA:527,0
BRDA:527,46,0,-
BRDA:527,46,1,-
DA:529,0
BRDA:529,47,0,-
BRDA:529,47,1,-
BRDA:529,48,0,-
BRDA:529,48,1,-
DA:538,0
BRDA:538,49,0,-
BRDA:538,49,1,-
DA:540,0
DA:541,0
DA:543,0
BRDA:543,50,0,-
BRDA:543,50,1,-
DA:546,0
DA:549,0
FN:550,MoreMarkets.updateBorrower
FNDA:0,MoreMarkets.updateBorrower
DA:554,0
BRDA:554,51,0,-
BRDA:554,51,1,-
DA:557,0
DA:558,0
FN:564,MoreMarkets.liquidate
FNDA:13,MoreMarkets.liquidate
DA:573,13
DA:574,13
DA:575,13
BRDA:575,52,0,-
BRDA:575,52,1,-
DA:577,13
BRDA:577,53,0,-
BRDA:577,53,1,-
DA:580,13
DA:582,13
DA:586,13
BRDA:586,54,0,13
BRDA:586,54,1,-
DA:596,13
DA:597,13
DA:606,13
BRDA:606,55,0,13
BRDA:605,55,1,-
DA:607,13
DA:608,13
DA:612,13
DA:618,0
DA:631,13
DA:632,13
DA:636,13
DA:637,13
DA:639,13
DA:644,13
DA:648,13
DA:649,13
DA:652,13
DA:653,7
BRDA:653,56,0,7
DA:654,7
DA:662,7
DA:664,7
DA:665,7
DA:668,7
DA:671,7
DA:673,7
DA:674,7
BRDA:674,57,0,7
DA:680,13
DA:683,13
DA:685,13
DA:686,0
BRDA:686,58,0,-
DA:690,13
DA:694,13
FN:698,MoreMarkets.flashLoan
FNDA:0,MoreMarkets.flashLoan
DA:703,0
BRDA:703,59,0,-
BRDA:703,59,1,-
DA:706,0
DA:707,0
DA:711,0
DA:712,0
FN:717,MoreMarkets.setAuthorization
FNDA:0,MoreMarkets.setAuthorization
DA:723,0
BRDA:723,60,0,-
BRDA:723,60,1,-
DA:730,0
DA:732,0
FN:738,MoreMarkets.setAuthorizationWithSig
FNDA:0,MoreMarkets.setAuthorizationWithSig
DA:748,0
BRDA:748,61,0,-
BRDA:748,61,1,-
DA:753,0
BRDA:753,62,0,-
BRDA:753,62,1,-
DA:757,0
DA:761,0
DA:767,0
DA:771,0
BRDA:771,63,0,-
BRDA:771,63,1,-
DA:773,0
DA:778,0
DA:782,0
FN:786,MoreMarkets.idToMarketParams
FNDA:1,MoreMarkets.idToMarketParams
DA:802,1
DA:806,1
FN:826,MoreMarkets._isSenderAuthorized
FNDA:168,MoreMarkets._isSenderAuthorized
DA:830,168
FN:835,MoreMarkets.accrueInterest
FNDA:7,MoreMarkets.accrueInterest
DA:836,7
DA:837,7
BRDA:837,64,0,-
BRDA:837,64,1,-
DA:839,7
FN:843,MoreMarkets._accrueInterest
FNDA:282,MoreMarkets._accrueInterest
DA:844,282
DA:845,282
DA:849,282
BRDA:849,66,0,9
DA:850,9
DA:853,9
DA:855,9
DA:856,378
DA:858,369
DA:861,369
DA:863,319
BRDA:863,67,0,319
DA:866,319
DA:867,319
DA:868,50
DA:873,50
DA:874,50
DA:879,50
DA:880,9
DA:882,9
DA:885,9
BRDA:885,68,0,-
DA:886,0
DA:887,0
DA:896,0
DA:900,0
DA:902,0
DA:906,9
DA:910,9
FN:915,MoreMarkets._isHealthy
FNDA:160,MoreMarkets._isHealthy
DA:916,160
DA:918,160
DA:919,160
FN:930,MoreMarkets._isHealthy
FNDA:173,MoreMarkets._isHealthy
DA:936,173
DA:938,173
BRDA:938,70,0,173
BRDA:937,70,1,2
DA:940,173
DA:944,173
DA:946,171
BRDA:946,71,0,171
BRDA:946,71,1,2
DA:949,171
DA:950,171
DA:952,2
DA:953,0
DA:954,173
DA:963,173
DA:965,173
DA:966,173
FN:969,MoreMarkets._updateTps
FNDA:35,MoreMarkets._updateTps
DA:969,35
DA:971,35
DA:972,35
DA:974,35
DA:975,10
BRDA:975,72,0,10
DA:982,10
DA:985,35
FN:988,MoreMarkets._updatePosition
FNDA:232,MoreMarkets._updatePosition
DA:997,232
DA:998,232
DA:999,4
BRDA:999,73,0,4
BRDA:999,74,0,1
BRDA:999,74,1,3
DA:1005,3
BRDA:1005,75,0,3
DA:1009,232
DA:1012,232
BRDA:1012,76,0,232
BRDA:1012,76,1,-
DA:1021,0
DA:1024,232
DA:1025,228
BRDA:1025,77,0,228
BRDA:1025,78,0,159
BRDA:1025,78,1,69
DA:1030,69
BRDA:1030,79,0,69
DA:1035,232
DA:1036,232
DA:1039,232
DA:1045,232
DA:1047,229
BRDA:1047,80,0,229
BRDA:1045,80,1,2
DA:1055,3
DA:1056,1
BRDA:1056,81,0,1
BRDA:1055,81,1,2
DA:1058,1
DA:1060,1
DA:1061,1
DA:1065,2
BRDA:1065,82,0,2
DA:1068,2
DA:1069,2
DA:1072,2
DA:1077,0
FN:1077,MoreMarkets._getMultiplier
FNDA:232,MoreMarkets._getMultiplier
DA:1084,232
DA:1085,232
DA:1086,232
DA:1087,232
DA:1091,232
DA:1093,232
DA:1094,232
DA:1098,232
DA:1105,232
DA:1106,214
DA:1108,214
DA:1109,214
DA:1110,214
BRDA:1110,84,0,214
BRDA:1109,84,1,-
DA:1111,214
DA:1112,0
DA:1114,214
DA:1118,214
DA:1120,214
DA:1121,214
DA:1124,214
DA:1125,214
DA:1127,1903
DA:1128,212
BRDA:1128,85,0,212
DA:1135,212
DA:1136,1691
DA:1137,1691
FN:1138,MoreMarkets._updateCategory
FNDA:229,MoreMarkets._updateCategory
DA:1145,229
DA:1146,229
DA:1148,229
DA:1151,229
DA:1152,159
BRDA:1152,86,0,159
BRDA:1151,86,1,70
DA:1154,70
DA:1155,70
BRDA:1155,87,0,70
DA:1156,70
DA:1157,229
DA:1158,229
DA:1166,229
DA:1172,229
DA:1175,229
DA:1177,229
FN:1182,MoreMarkets.extSloads
FNDA:0,MoreMarkets.extSloads
DA:1185,0
DA:1186,0
DA:1188,0
DA:1189,0
DA:1191,0
FNF:33
FNH:23
LF:319
LH:254
BRF:150
BRH:35
end_of_record
TN:
SF:contracts/MoreVaults.sol
FN:111,MoreVaults.
FNDA:0,MoreVaults.
DA:124,0
BRDA:124,0,0,-
DA:126,0
DA:127,0
DA:132,0
DA:134,0
FN:140,MoreVaults.onlyCuratorRole
FNDA:0,MoreVaults.onlyCuratorRole
DA:141,0
DA:142,0
DA:143,0
BRDA:143,1,0,-
FN:149,MoreVaults.onlyAllocatorRole
FNDA:0,MoreVaults.onlyAllocatorRole
DA:150,0
DA:151,0
BRDA:151,2,0,-
DA:152,0
FN:159,MoreVaults.onlyGuardianRole
FNDA:0,MoreVaults.onlyGuardianRole
DA:160,0
DA:161,0
BRDA:161,3,0,-
FN:167,MoreVaults.onlyCuratorOrGuardianRole
FNDA:0,MoreVaults.onlyCuratorOrGuardianRole
DA:169,0
DA:170,0
DA:171,0
DA:172,0
BRDA:172,4,0,-
DA:173,0
FN:183,MoreVaults.afterTimelock
FNDA:0,MoreVaults.afterTimelock
DA:184,0
BRDA:184,5,0,-
DA:185,0
BRDA:185,6,0,-
FN:193,MoreVaults.setCurator
FNDA:0,MoreVaults.setCurator
DA:194,0
BRDA:194,7,0,-
DA:196,0
DA:198,0
FN:202,MoreVaults.setIsAllocator
FNDA:0,MoreVaults.setIsAllocator
DA:206,0
DA:207,0
BRDA:207,8,0,-
DA:209,0
DA:211,0
FN:215,MoreVaults.setSkimRecipient
FNDA:0,MoreVaults.setSkimRecipient
DA:216,0
BRDA:216,9,0,-
DA:218,0
DA:220,0
FN:224,MoreVaults.submitTimelock
FNDA:0,MoreVaults.submitTimelock
DA:225,0
BRDA:225,10,0,-
DA:226,0
BRDA:226,11,0,-
DA:227,0
DA:229,0
BRDA:229,12,0,-
BRDA:229,12,1,-
DA:230,0
DA:233,0
DA:235,0
FN:240,MoreVaults.setFee
FNDA:0,MoreVaults.setFee
DA:241,0
BRDA:241,13,0,-
DA:242,0
BRDA:242,14,0,-
DA:243,0
DA:244,0
BRDA:244,15,0,-
DA:247,0
DA:250,0
DA:252,0
FN:256,MoreVaults.setFeeRecipient
FNDA:0,MoreVaults.setFeeRecipient
DA:257,0
BRDA:257,16,0,-
DA:258,0
DA:259,0
BRDA:259,17,0,-
DA:262,0
DA:264,0
DA:266,0
FN:270,MoreVaults.submitGuardian
FNDA:0,MoreVaults.submitGuardian
DA:271,0
BRDA:271,18,0,-
DA:272,0
BRDA:272,19,0,-
DA:274,0
BRDA:274,20,0,-
BRDA:274,20,1,-
DA:275,0
DA:277,0
DA:279,0
FN:286,MoreVaults.submitCap
FNDA:0,MoreVaults.submitCap
DA:290,0
DA:291,0
DA:292,0
BRDA:292,21,0,-
DA:293,0
BRDA:293,22,0,-
DA:294,0
BRDA:294,23,0,-
DA:295,0
BRDA:295,24,0,-
DA:296,0
DA:297,0
BRDA:297,25,0,-
DA:299,0
BRDA:299,26,0,-
BRDA:299,26,1,-
DA:300,0
DA:302,0
DA:304,0
FN:309,MoreVaults.submitMarketRemoval
FNDA:0,MoreVaults.submitMarketRemoval
DA:312,0
DA:313,0
BRDA:313,27,0,-
DA:314,0
BRDA:314,28,0,-
DA:315,0
BRDA:315,29,0,-
DA:316,0
BRDA:316,30,0,-
DA:319,0
DA:321,0
FN:327,MoreVaults.setSupplyQueue
FNDA:0,MoreVaults.setSupplyQueue
DA:330,0
DA:332,0
DA:333,0
BRDA:333,31,0,-
DA:335,0
DA:336,0
DA:337,0
BRDA:337,32,0,-
DA:340,0
DA:342,0
FN:346,MoreVaults.updateWithdrawQueue
FNDA:0,MoreVaults.updateWithdrawQueue
DA:349,0
DA:350,0
DA:352,0
DA:353,0
DA:355,0
DA:356,0
DA:359,0
DA:360,0
BRDA:360,33,0,-
DA:361,0
DA:363,0
DA:366,0
DA:367,0
BRDA:367,34,0,-
DA:368,0
DA:370,0
DA:371,0
BRDA:371,35,0,-
DA:372,0
DA:373,0
BRDA:373,36,0,-
DA:375,0
BRDA:375,37,0,-
DA:376,0
DA:377,0
BRDA:377,38,0,-
DA:379,0
BRDA:379,39,0,-
DA:380,0
DA:386,0
DA:390,0
DA:392,0
FN:396,MoreVaults.reallocate
FNDA:0,MoreVaults.reallocate
DA:399,0
DA:400,0
DA:401,0
DA:402,0
DA:403,0
DA:405,0
DA:409,0
DA:410,0
DA:412,0
BRDA:412,40,0,-
BRDA:412,40,1,-
DA:413,0
BRDA:413,41,0,-
DA:416,0
DA:417,0
BRDA:417,42,0,-
DA:418,0
DA:419,0
DA:422,0
DA:431,0
DA:438,0
DA:440,0
DA:444,0
DA:446,0
DA:447,0
BRDA:447,44,0,-
DA:449,0
DA:450,0
BRDA:450,45,0,-
DA:453,0
DA:461,0
DA:468,0
DA:472,0
DA:473,0
BRDA:473,46,0,-
FN:479,MoreVaults.revokePendingTimelock
FNDA:0,MoreVaults.revokePendingTimelock
DA:480,0
DA:482,0
FN:486,MoreVaults.revokePendingGuardian
FNDA:0,MoreVaults.revokePendingGuardian
DA:487,0
DA:489,0
FN:493,MoreVaults.revokePendingCap
FNDA:0,MoreVaults.revokePendingCap
DA:494,0
DA:496,0
FN:500,MoreVaults.revokePendingMarketRemoval
FNDA:0,MoreVaults.revokePendingMarketRemoval
DA:503,0
DA:505,0
FN:511,MoreVaults.supplyQueueLength
FNDA:0,MoreVaults.supplyQueueLength
DA:512,0
FN:516,MoreVaults.withdrawQueueLength
FNDA:0,MoreVaults.withdrawQueueLength
DA:517,0
FN:521,MoreVaults.acceptTimelock
FNDA:0,MoreVaults.acceptTimelock
DA:522,0
FN:526,MoreVaults.acceptGuardian
FNDA:0,MoreVaults.acceptGuardian
DA:527,0
FN:531,MoreVaults.acceptCap
FNDA:0,MoreVaults.acceptCap
DA:534,0
DA:537,0
FN:541,MoreVaults.skim
FNDA:0,MoreVaults.skim
DA:542,0
BRDA:542,47,0,-
DA:544,0
DA:546,0
DA:548,0
FN:554,MoreVaults.decimals
FNDA:0,MoreVaults.decimals
DA:555,0
FN:560,MoreVaults.maxDeposit
FNDA:0,MoreVaults.maxDeposit
DA:561,0
FN:566,MoreVaults.maxMint
FNDA:0,MoreVaults.maxMint
DA:567,0
DA:569,0
FN:575,MoreVaults.maxWithdraw
FNDA:0,MoreVaults.maxWithdraw
DA:578,0
FN:584,MoreVaults.maxRedeem
FNDA:0,MoreVaults.maxRedeem
DA:585,0
DA:589,0
DA:591,0
DA:592,0
FN:601,MoreVaults.deposit
FNDA:0,MoreVaults.deposit
DA:605,0
DA:609,0
DA:611,0
DA:618,0
FN:622,MoreVaults.mint
FNDA:0,MoreVaults.mint
DA:626,0
DA:630,0
DA:632,0
DA:639,0
FN:643,MoreVaults.withdraw
FNDA:0,MoreVaults.withdraw
DA:648,0
DA:652,0
DA:660,0
DA:662,0
FN:666,MoreVaults.redeem
FNDA:0,MoreVaults.redeem
DA:671,0
DA:675,0
DA:683,0
DA:685,0
FN:689,MoreVaults.totalAssets
FNDA:0,MoreVaults.totalAssets
DA:690,0
DA:691,0
FN:701,MoreVaults._decimalsOffset
FNDA:0,MoreVaults._decimalsOffset
DA:702,0
FN:707,MoreVaults._maxWithdraw
FNDA:0,MoreVaults._maxWithdraw
DA:714,0
DA:715,0
DA:716,0
DA:718,0
DA:724,0
FN:728,MoreVaults._maxDeposit
FNDA:0,MoreVaults._maxDeposit
DA:729,0
DA:730,0
DA:732,0
DA:733,0
DA:735,0
DA:736,0
DA:739,0
DA:744,0
FN:750,MoreVaults._convertToShares
FNDA:0,MoreVaults._convertToShares
DA:754,0
DA:756,0
DA:757,0
FN:767,MoreVaults._convertToAssets
FNDA:0,MoreVaults._convertToAssets
DA:771,0
DA:773,0
DA:774,0
FN:784,MoreVaults._convertToSharesWithTotals
FNDA:0,MoreVaults._convertToSharesWithTotals
DA:790,0
DA:791,0
FN:800,MoreVaults._convertToAssetsWithTotals
FNDA:0,MoreVaults._convertToAssetsWithTotals
DA:806,0
DA:807,0
FN:816,MoreVaults._deposit
FNDA:0,MoreVaults._deposit
DA:822,0
DA:824,0
DA:827,0
FN:836,MoreVaults._withdraw
FNDA:0,MoreVaults._withdraw
DA:843,0
DA:845,0
FN:851,MoreVaults._marketParams
FNDA:0,MoreVaults._marketParams
DA:852,0
FN:858,MoreVaults._accruedSupplyBalance
FNDA:0,MoreVaults._accruedSupplyBalance
DA:862,0
DA:864,0
DA:865,0
DA:866,0
FN:873,MoreVaults._checkTimelockBounds
FNDA:0,MoreVaults._checkTimelockBounds
DA:874,0
DA:875,0
BRDA:875,49,0,-
DA:876,0
DA:877,0
BRDA:877,50,0,-
FN:881,MoreVaults._setTimelock
FNDA:0,MoreVaults._setTimelock
DA:882,0
DA:884,0
DA:886,0
FN:890,MoreVaults._setGuardian
FNDA:0,MoreVaults._setGuardian
DA:891,0
DA:893,0
DA:895,0
FN:900,MoreVaults._setCap
FNDA:0,MoreVaults._setCap
DA:905,0
DA:907,0
BRDA:907,51,0,-
DA:908,0
BRDA:908,52,0,-
DA:909,0
DA:911,0
DA:912,0
BRDA:912,53,0,-
DA:914,0
DA:917,0
DA:922,0
DA:925,0
DA:928,0
DA:930,0
DA:932,0
FN:938,MoreVaults._supplyMorpho
FNDA:0,MoreVaults._supplyMorpho
DA:939,0
DA:940,0
DA:942,0
DA:943,0
DA:945,0
DA:947,0
DA:949,0
DA:950,0
DA:952,0
DA:957,0
DA:962,0
BRDA:962,55,0,-
DA:965,0
DA:972,0
DA:973,0
DA:974,0
DA:977,0
DA:980,0
BRDA:980,57,0,-
FN:984,MoreVaults._withdrawMorpho
FNDA:0,MoreVaults._withdrawMorpho
DA:985,0
DA:986,0
DA:987,0
DA:988,0
DA:992,0
DA:994,0
DA:1004,0
BRDA:1004,58,0,-
DA:1007,0
DA:1014,0
DA:1015,0
DA:1016,0
DA:1019,0
DA:1022,0
BRDA:1022,60,0,-
FN:1027,MoreVaults._simulateWithdrawMorpho
FNDA:0,MoreVaults._simulateWithdrawMorpho
DA:1030,0
DA:1031,0
DA:1032,0
DA:1034,0
DA:1035,0
DA:1040,0
DA:1046,0
DA:1058,0
DA:1061,0
FN:1066,MoreVaults._withdrawable
FNDA:0,MoreVaults._withdrawable
DA:1073,0
DA:1078,0
FN:1084,MoreVaults._updateLastTotalAssets
FNDA:0,MoreVaults._updateLastTotalAssets
DA:1085,0
DA:1087,0
FN:1092,MoreVaults._accrueFee
FNDA:0,MoreVaults._accrueFee
DA:1093,0
DA:1094,0
DA:1096,0
BRDA:1096,62,0,-
DA:1098,0
FN:1103,MoreVaults._accruedFeeShares
FNDA:0,MoreVaults._accruedFeeShares
DA:1108,0
DA:1110,0
DA:1111,0
BRDA:1111,63,0,-
DA:1113,0
DA:1116,0
FNF:60
FNH:0
LF:290
LH:0
BRF:62
BRH:0
end_of_record
TN:
SF:contracts/MoreVaultsFactory.sol
FN:33,MoreVaultsFactory.
FNDA:0,MoreVaultsFactory.
DA:34,0
BRDA:34,0,0,-
DA:36,0
FN:42,MoreVaultsFactory.createMetaMorpho
FNDA:0,MoreVaultsFactory.createMetaMorpho
DA:50,0
DA:63,0
DA:64,0
DA:66,0
FN:78,MoreVaultsFactory.arrayOfMorphos
FNDA:0,MoreVaultsFactory.arrayOfMorphos
DA:79,0
DA:80,0
FNF:3
FNH:0
LF:8
LH:0
BRF:1
BRH:0
end_of_record
TN:
SF:contracts/factories/DebtTokenFactory.sol
FN:21,DebtTokenFactory.
FNDA:28,DebtTokenFactory.
DA:23,28
DA:24,27
FN:28,DebtTokenFactory.getImplementation
FNDA:1,DebtTokenFactory.getImplementation
DA:29,1
FN:33,DebtTokenFactory.create
FNDA:283,DebtTokenFactory.create
DA:39,283
DA:40,283
DA:41,283
FN:43,DebtTokenFactory.supportsInterface
FNDA:0,DebtTokenFactory.supportsInterface
DA:53,0
FN:61,DebtTokenFactory._setImplementationAddress
FNDA:28,DebtTokenFactory._setImplementationAddress
DA:63,28
DA:64,1
BRDA:64,0,0,1
FN:71,DebtTokenFactory._checkIfAddressIsValid
FNDA:28,DebtTokenFactory._checkIfAddressIsValid
DA:73,28
DA:75,28
FNF:6
FNH:5
LF:11
LH:10
BRF:1
BRH:1
end_of_record
TN:
SF:contracts/fork/Morpho.sol
FN:59,Morpho.
FNDA:0,Morpho.
DA:59,0
BRDA:59,0,0,-
BRDA:59,0,1,-
DA:61,0
DA:64,0
FN:71,Morpho.onlyOwner
FNDA:0,Morpho.onlyOwner
DA:73,0
BRDA:73,1,0,-
BRDA:73,1,1,-
FN:76,Morpho.setOwner
FNDA:0,Morpho.setOwner
DA:81,0
BRDA:81,2,0,-
BRDA:81,2,1,-
DA:82,0
DA:83,0
FN:86,Morpho.enableIrm
FNDA:0,Morpho.enableIrm
DA:90,0
BRDA:90,3,0,-
BRDA:90,3,1,-
DA:91,0
DA:92,0
FN:94,Morpho.enableLltv
FNDA:0,Morpho.enableLltv
DA:99,0
BRDA:99,4,0,-
BRDA:99,4,1,-
DA:100,0
BRDA:100,5,0,-
BRDA:100,5,1,-
DA:101,0
DA:102,0
FN:104,Morpho.setFee
FNDA:0,Morpho.setFee
DA:110,0
DA:111,0
BRDA:111,6,0,-
BRDA:111,6,1,-
DA:114,0
BRDA:114,7,0,-
BRDA:114,7,1,-
DA:115,0
BRDA:115,8,0,-
BRDA:115,8,1,-
DA:117,0
DA:119,0
DA:120,0
FN:123,Morpho.setFeeRecipient
FNDA:0,Morpho.setFeeRecipient
DA:125,0
BRDA:125,9,0,-
BRDA:125,9,1,-
DA:129,0
FN:132,Morpho.createMarket
FNDA:0,Morpho.createMarket
DA:137,0
DA:139,0
BRDA:139,10,0,-
BRDA:139,10,1,-
DA:140,0
BRDA:140,11,0,-
BRDA:140,11,1,-
DA:142,0
BRDA:142,12,0,-
BRDA:142,12,1,-
DA:143,0
DA:144,0
DA:146,0
DA:148,0
DA:150,0
BRDA:150,13,0,-
FN:153,Morpho.supply
FNDA:0,Morpho.supply
DA:161,0
DA:162,0
DA:163,0
BRDA:163,14,0,-
BRDA:163,14,1,-
DA:165,0
BRDA:165,15,0,-
BRDA:165,15,1,-
DA:168,0
BRDA:168,16,0,-
BRDA:168,16,1,-
DA:170,0
DA:171,0
BRDA:171,17,0,-
BRDA:170,17,1,-
DA:177,0
DA:181,0
DA:183,0
DA:184,0
DA:186,0
DA:189,0
BRDA:189,18,0,-
DA:190,0
DA:195,0
FN:197,Morpho.withdraw
FNDA:0,Morpho.withdraw
DA:207,0
DA:208,0
BRDA:208,19,0,-
BRDA:208,19,1,-
DA:211,0
BRDA:211,20,0,-
BRDA:211,20,1,-
DA:214,0
BRDA:214,21,0,-
BRDA:214,21,1,-
DA:218,0
BRDA:218,22,0,-
BRDA:218,22,1,-
DA:220,0
DA:221,0
BRDA:221,23,0,-
BRDA:221,23,1,-
DA:224,0
DA:229,0
DA:230,0
DA:232,0
DA:234,0
BRDA:234,24,0,-
BRDA:234,24,1,-
DA:238,0
DA:242,0
DA:246,0
FN:250,Morpho.borrow
FNDA:0,Morpho.borrow
DA:260,0
DA:262,0
BRDA:262,25,0,-
BRDA:262,25,1,-
DA:264,0
BRDA:264,26,0,-
BRDA:264,26,1,-
DA:269,0
BRDA:269,27,0,-
BRDA:269,27,1,-
DA:273,0
BRDA:273,28,0,-
BRDA:273,28,1,-
DA:274,0
DA:276,0
BRDA:276,29,0,-
BRDA:276,29,1,-
DA:278,0
DA:283,0
DA:285,0
DA:287,0
DA:289,0
BRDA:289,30,0,-
BRDA:289,30,1,-
DA:293,0
BRDA:293,31,0,-
BRDA:293,31,1,-
DA:295,0
DA:302,0
DA:303,0
FN:306,Morpho.repay
FNDA:0,Morpho.repay
DA:315,0
DA:317,0
BRDA:317,32,0,-
BRDA:317,32,1,-
DA:321,0
BRDA:321,33,0,-
BRDA:321,33,1,-
DA:325,0
BRDA:325,34,0,-
BRDA:325,34,1,-
DA:327,0
DA:328,0
DA:329,0
BRDA:329,35,0,-
BRDA:328,35,1,-
DA:332,0
DA:338,0
DA:340,0
DA:341,0
DA:347,0
DA:350,0
BRDA:350,36,0,-
DA:351,0
DA:355,0
FN:356,Morpho.supplyCollateral
FNDA:0,Morpho.supplyCollateral
DA:362,0
DA:363,0
BRDA:363,37,0,-
BRDA:363,37,1,-
DA:367,0
BRDA:367,38,0,-
BRDA:367,38,1,-
DA:371,0
BRDA:371,39,0,-
BRDA:371,39,1,-
DA:376,0
DA:379,0
DA:380,0
BRDA:380,40,0,-
DA:382,0
FN:388,Morpho.withdrawCollateral
FNDA:0,Morpho.withdrawCollateral
DA:392,0
DA:393,0
BRDA:393,41,0,-
BRDA:393,41,1,-
DA:395,0
BRDA:395,42,0,-
BRDA:395,42,1,-
DA:397,0
BRDA:397,43,0,-
BRDA:397,43,1,-
DA:405,0
BRDA:405,44,0,-
BRDA:405,44,1,-
DA:408,0
DA:409,0
DA:410,0
BRDA:410,45,0,-
BRDA:410,45,1,-
DA:412,0
DA:413,0
FN:419,Morpho.liquidate
FNDA:0,Morpho.liquidate
DA:427,0
DA:428,0
DA:429,0
BRDA:429,46,0,-
BRDA:429,46,1,-
DA:432,0
BRDA:432,47,0,-
BRDA:432,47,1,-
DA:439,0
DA:441,0
DA:443,0
BRDA:443,48,0,-
BRDA:443,48,1,-
DA:449,0
DA:450,0
DA:458,0
DA:459,0
BRDA:459,49,0,-
BRDA:458,49,1,-
DA:460,0
DA:463,0
DA:470,0
DA:479,0
DA:480,0
DA:483,0
DA:485,0
DA:486,0
DA:489,0
DA:492,0
DA:493,0
DA:494,0
BRDA:494,50,0,-
DA:495,0
DA:497,0
DA:503,0
DA:505,0
DA:507,0
DA:508,0
DA:511,0
DA:518,0
DA:519,0
DA:520,0
BRDA:520,51,0,-
DA:524,0
DA:529,0
FN:535,Morpho.flashLoan
FNDA:0,Morpho.flashLoan
DA:540,0
BRDA:540,52,0,-
BRDA:540,52,1,-
DA:541,0
DA:542,0
DA:546,0
DA:547,0
FN:555,Morpho.setAuthorization
FNDA:0,Morpho.setAuthorization
DA:560,0
BRDA:560,53,0,-
BRDA:560,53,1,-
DA:565,0
DA:567,0
FN:571,Morpho.setAuthorizationWithSig
FNDA:0,Morpho.setAuthorizationWithSig
DA:582,0
BRDA:582,54,0,-
BRDA:582,54,1,-
DA:586,0
BRDA:586,55,0,-
BRDA:586,55,1,-
DA:592,0
DA:597,0
DA:598,0
DA:601,0
DA:603,0
BRDA:603,56,0,-
BRDA:603,56,1,-
DA:607,0
DA:612,0
DA:615,0
FN:625,Morpho._isSenderAuthorized
FNDA:0,Morpho._isSenderAuthorized
DA:629,0
FN:635,Morpho.accrueInterest
FNDA:0,Morpho.accrueInterest
DA:637,0
DA:639,0
BRDA:639,57,0,-
BRDA:639,57,1,-
DA:641,0
FN:647,Morpho._accrueInterest
FNDA:0,Morpho._accrueInterest
DA:649,0
DA:650,0
DA:651,0
DA:654,0
BRDA:654,59,0,-
DA:656,0
DA:658,0
DA:659,0
DA:662,0
DA:664,0
DA:665,0
DA:666,0
BRDA:666,60,0,-
DA:673,0
DA:678,0
DA:679,0
DA:682,0
DA:684,0
FN:686,Morpho._isHealthy
FNDA:0,Morpho._isHealthy
DA:690,0
DA:691,0
DA:692,0
FN:704,Morpho._isHealthy
FNDA:0,Morpho._isHealthy
DA:710,0
DA:717,0
DA:719,0
FN:720,Morpho.extSloads
FNDA:0,Morpho.extSloads
DA:722,0
DA:724,0
DA:725,0
DA:726,0
DA:728,0
FNF:24
FNH:0
LF:195
LH:0
BRF:112
BRH:0
end_of_record
TN:
SF:contracts/libraries/MarketParamsLib.sol
FN:16,MarketParamsLib.id
FNDA:736,MarketParamsLib.id
DA:33,736
FNF:1
FNH:1
LF:1
LH:1
BRF:0
BRH:0
end_of_record
TN:
SF:contracts/libraries/irm/ExpLib.sol
FN:25,ExpLib.wExp
FNDA:22,ExpLib.wExp
DA:28,22
DA:30,22
DA:34,22
DA:35,22
DA:38,22
DA:40,22
DA:44,22
DA:47,22
FNF:1
FNH:1
LF:8
LH:8
BRF:0
BRH:0
end_of_record
TN:
SF:contracts/libraries/irm/MathLib.sol
FN:13,MathLib.wMulToZero
FNDA:109,MathLib.wMulToZero
DA:14,109
DA:15,109
FN:18,MathLib.wDivToZero
FNDA:76,MathLib.wDivToZero
DA:19,76
FNF:2
FNH:2
LF:3
LH:3
BRF:0
BRH:0
end_of_record
TN:
SF:contracts/libraries/irm/UtilsLib.sol
FN:10,UtilsLib.bound
FNDA:22,UtilsLib.bound
DA:17,0
DA:19,0
FNF:1
FNH:1
LF:2
LH:0
BRF:0
BRH:0
end_of_record
TN:
SF:contracts/libraries/vaults/PendingLib.sol
FN:33,PendingLib.update
FNDA:0,PendingLib.update
DA:34,0
DA:36,0
FN:41,PendingLib.update
FNDA:0,PendingLib.update
DA:42,0
DA:44,0
FNF:2
FNH:0
LF:4
LH:0
BRF:0
BRH:0
end_of_record
TN:
SF:contracts/mocks/ERC20MintableMock.sol
FN:9,ERC20MintableMock.
FNDA:48,ERC20MintableMock.
DA:15,48
FN:16,ERC20MintableMock.mint
FNDA:136,ERC20MintableMock.mint
DA:19,136
FNF:2
FNH:2
LF:2
LH:2
BRF:0
BRH:0
end_of_record
TN:
SF:contracts/mocks/OracleMock.sol
FN:9,OracleMock.setPrice
FNDA:0,OracleMock.setPrice
DA:10,0
FNF:1
FNH:0
LF:1
LH:0
BRF:0
BRH:0
end_of_record
TN:
SF:contracts/tokens/DebtToken.sol
FN:9,DebtToken.initialize
FNDA:259,DebtToken.initialize
DA:16,259
DA:17,0
DA:18,259
DA:19,259
FN:20,DebtToken.mint
FNDA:1,DebtToken.mint
DA:23,1
FN:24,DebtToken.decimals
FNDA:256,DebtToken.decimals
DA:27,256
FN:9,DebtToken.initialize
FNDA:283,DebtToken.initialize
DA:16,283
DA:17,0
DA:18,283
DA:19,283
FN:20,DebtToken.mint
FNDA:260,DebtToken.mint
DA:23,260
FN:24,DebtToken.decimals
FNDA:256,DebtToken.decimals
DA:27,256
FNF:6
FNH:6
LF:12
LH:10
BRF:0
BRH:0
end_of_record
TN:
SF:script/CreateNewMarket.s.sol
FN:44,CreateNewMarket.setUp
FNDA:0,CreateNewMarket.setUp
FN:45,CreateNewMarket.run
FNDA:0,CreateNewMarket.run
DA:47,0
DA:49,0
DA:52,0
DA:53,0
DA:54,0
DA:55,0
DA:56,0
DA:58,0
DA:60,0
DA:61,0
DA:63,0
DA:66,0
DA:68,0
DA:78,0
DA:80,0
DA:82,0
DA:84,0
DA:85,0
DA:86,0
DA:89,0
FNF:2
FNH:0
LF:20
LH:0
BRF:0
BRH:0
end_of_record
TN:
SF:script/CreateNewVaults.s.sol
FN:8,CreateNewVaults.setUp
FNDA:0,CreateNewVaults.setUp
FN:10,CreateNewVaults.run
FNDA:0,CreateNewVaults.run
DA:12,0
DA:13,0
DA:14,0
DA:16,0
DA:17,0
DA:18,0
DA:19,0
DA:20,0
DA:21,0
DA:23,0
DA:31,0
FNF:2
FNH:0
LF:11
LH:0
BRF:0
BRH:0
end_of_record
TN:
SF:script/Deploy.s.sol
FN:45,DeployMarketContracts.setUp
FNDA:0,DeployMarketContracts.setUp
FN:47,DeployMarketContracts.run
FNDA:0,DeployMarketContracts.run
DA:49,0
DA:51,0
DA:52,0
DA:53,0
DA:54,0
DA:55,0
DA:56,0
DA:58,0
DA:59,0
DA:62,0
DA:63,0
DA:65,0
DA:68,0
DA:69,0
DA:71,0
DA:73,0
DA:74,0
DA:77,0
DA:78,0
DA:92,0
DA:94,0
FNF:2
FNH:0
LF:21
LH:0
BRF:0
BRH:0
end_of_record
TN:
SF:script/DeployVaults.s.sol
FN:9,DeployVaults.setUp
FNDA:0,DeployVaults.setUp
FN:11,DeployVaults.run
FNDA:0,DeployVaults.run
DA:13,0
DA:14,0
DA:15,0
DA:17,0
DA:19,0
DA:26,0
DA:28,0
FNF:2
FNH:0
LF:7
LH:0
BRF:0
BRH:0
end_of_record
TN:
SF:script/getMarketsData.s.sol
FN:27,getMarketsData.setUp
FNDA:0,getMarketsData.setUp
FN:29,getMarketsData.run
FNDA:0,getMarketsData.run
DA:31,0
DA:32,0
DA:34,0
DA:37,0
DA:43,0
DA:45,0
DA:47,0
DA:49,0
DA:50,0
DA:52,0
DA:55,0
DA:62,0
DA:63,0
DA:65,0
DA:66,0
DA:67,0
DA:68,0
DA:69,0
DA:79,0
DA:80,0
DA:81,0
DA:82,0
DA:83,0
DA:84,0
DA:85,0
DA:86,0
DA:89,0
DA:90,0
DA:94,0
DA:98,0
DA:102,0
DA:106,0
DA:107,0
DA:109,0
DA:110,0
DA:112,0
DA:113,0
DA:114,0
DA:115,0
DA:116,0
DA:119,0
DA:120,0
DA:122,0
DA:127,0
DA:130,0
FNF:2
FNH:0
LF:45
LH:0
BRF:0
BRH:0
end_of_record
TN:
SF:script/getVaults.s.sol
FN:8,CreateNewVaults.setUp
FNDA:0,CreateNewVaults.setUp
FN:10,CreateNewVaults.run
FNDA:0,CreateNewVaults.run
DA:12,0
DA:13,0
DA:14,0
DA:16,0
DA:18,0
DA:20,0
DA:21,0
FNF:2
FNH:0
LF:7
LH:0
BRF:0
BRH:0
end_of_record
TN:
SF:script/ownerSettersMarkets.s.sol
FN:27,ownerSettersMarkets.setUp
FNDA:0,ownerSettersMarkets.setUp
FN:29,ownerSettersMarkets.run
FNDA:0,ownerSettersMarkets.run
DA:31,0
DA:32,0
DA:34,0
DA:35,0
DA:36,0
DA:37,0
DA:38,0
DA:40,0
DA:42,0
DA:43,0
DA:45,0
DA:55,0
FNF:2
FNH:0
LF:12
LH:0
BRF:0
BRH:0
end_of_record
